<?xml version="1.0" encoding="UTF-8"?>
<testsuite xmlns:xsi="http://www.w3.org/2001/XMLSchema-instance" xsi:noNamespaceSchemaLocation="https://maven.apache.org/surefire/maven-surefire-plugin/xsd/surefire-test-report-3.0.xsd" version="3.0" name="TestSuite" time="54.976" tests="1" errors="0" skipped="0" failures="0">
  <properties>
    <property name="sun.desktop" value="windows"/>
    <property name="awt.toolkit" value="sun.awt.windows.WToolkit"/>
    <property name="java.specification.version" value="11"/>
    <property name="webdriver.chrome.driver" value="C:/Users/SharzKim/coding/automate_testing/TaniExchange_AutomateTesting/src/Drivers/chromedriver13.exe"/>
    <property name="sun.cpu.isalist" value="amd64"/>
    <property name="sun.jnu.encoding" value="Cp1252"/>
    <property name="sun.awt.enableExtraMouseButtons" value="true"/>
    <property name="java.class.path" value="C:\Users\SharzKim\coding\automate_testing\TaniExchange_AutomateTesting\target\test-classes;C:\Users\SharzKim\coding\automate_testing\TaniExchange_AutomateTesting\target\classes;C:\Users\SharzKim\.m2\repository\io\cucumber\cucumber-java\5.7.0\cucumber-java-5.7.0.jar;C:\Users\SharzKim\.m2\repository\io\cucumber\cucumber-core\5.7.0\cucumber-core-5.7.0.jar;C:\Users\SharzKim\.m2\repository\io\cucumber\cucumber-gherkin\5.7.0\cucumber-gherkin-5.7.0.jar;C:\Users\SharzKim\.m2\repository\io\cucumber\cucumber-gherkin-vintage\5.7.0\cucumber-gherkin-vintage-5.7.0.jar;C:\Users\SharzKim\.m2\repository\io\cucumber\tag-expressions\2.0.4\tag-expressions-2.0.4.jar;C:\Users\SharzKim\.m2\repository\io\cucumber\cucumber-expressions\8.3.1\cucumber-expressions-8.3.1.jar;C:\Users\SharzKim\.m2\repository\io\cucumber\datatable\3.3.1\datatable-3.3.1.jar;C:\Users\SharzKim\.m2\repository\io\cucumber\cucumber-plugin\5.7.0\cucumber-plugin-5.7.0.jar;C:\Users\SharzKim\.m2\repository\io\cucumber\docstring\5.7.0\docstring-5.7.0.jar;C:\Users\SharzKim\.m2\repository\org\apiguardian\apiguardian-api\1.1.0\apiguardian-api-1.1.0.jar;C:\Users\SharzKim\.m2\repository\org\seleniumhq\selenium\selenium-java\3.141.59\selenium-java-3.141.59.jar;C:\Users\SharzKim\.m2\repository\org\seleniumhq\selenium\selenium-api\3.141.59\selenium-api-3.141.59.jar;C:\Users\SharzKim\.m2\repository\org\seleniumhq\selenium\selenium-chrome-driver\3.141.59\selenium-chrome-driver-3.141.59.jar;C:\Users\SharzKim\.m2\repository\org\seleniumhq\selenium\selenium-edge-driver\3.141.59\selenium-edge-driver-3.141.59.jar;C:\Users\SharzKim\.m2\repository\org\seleniumhq\selenium\selenium-firefox-driver\3.141.59\selenium-firefox-driver-3.141.59.jar;C:\Users\SharzKim\.m2\repository\org\seleniumhq\selenium\selenium-ie-driver\3.141.59\selenium-ie-driver-3.141.59.jar;C:\Users\SharzKim\.m2\repository\org\seleniumhq\selenium\selenium-opera-driver\3.141.59\selenium-opera-driver-3.141.59.jar;C:\Users\SharzKim\.m2\repository\org\seleniumhq\selenium\selenium-remote-driver\3.141.59\selenium-remote-driver-3.141.59.jar;C:\Users\SharzKim\.m2\repository\org\seleniumhq\selenium\selenium-safari-driver\3.141.59\selenium-safari-driver-3.141.59.jar;C:\Users\SharzKim\.m2\repository\org\seleniumhq\selenium\selenium-support\3.141.59\selenium-support-3.141.59.jar;C:\Users\SharzKim\.m2\repository\net\bytebuddy\byte-buddy\1.8.15\byte-buddy-1.8.15.jar;C:\Users\SharzKim\.m2\repository\org\apache\commons\commons-exec\1.3\commons-exec-1.3.jar;C:\Users\SharzKim\.m2\repository\com\google\guava\guava\25.0-jre\guava-25.0-jre.jar;C:\Users\SharzKim\.m2\repository\com\google\code\findbugs\jsr305\1.3.9\jsr305-1.3.9.jar;C:\Users\SharzKim\.m2\repository\org\checkerframework\checker-compat-qual\2.0.0\checker-compat-qual-2.0.0.jar;C:\Users\SharzKim\.m2\repository\com\google\errorprone\error_prone_annotations\2.1.3\error_prone_annotations-2.1.3.jar;C:\Users\SharzKim\.m2\repository\com\google\j2objc\j2objc-annotations\1.1\j2objc-annotations-1.1.jar;C:\Users\SharzKim\.m2\repository\org\codehaus\mojo\animal-sniffer-annotations\1.14\animal-sniffer-annotations-1.14.jar;C:\Users\SharzKim\.m2\repository\com\squareup\okhttp3\okhttp\3.11.0\okhttp-3.11.0.jar;C:\Users\SharzKim\.m2\repository\com\squareup\okio\okio\1.14.0\okio-1.14.0.jar;C:\Users\SharzKim\.m2\repository\io\cucumber\cucumber-testng\5.7.0\cucumber-testng-5.7.0.jar;C:\Users\SharzKim\.m2\repository\org\testng\testng\7.1.0\testng-7.1.0.jar;C:\Users\SharzKim\.m2\repository\com\beust\jcommander\1.72\jcommander-1.72.jar;C:\Users\SharzKim\.m2\repository\com\google\inject\guice\4.1.0\guice-4.1.0-no_aop.jar;C:\Users\SharzKim\.m2\repository\javax\inject\javax.inject\1\javax.inject-1.jar;C:\Users\SharzKim\.m2\repository\aopalliance\aopalliance\1.0\aopalliance-1.0.jar;C:\Users\SharzKim\.m2\repository\org\yaml\snakeyaml\1.21\snakeyaml-1.21.jar;C:\Users\SharzKim\.m2\repository\org\hamcrest\hamcrest\2.2\hamcrest-2.2.jar;C:\Users\SharzKim\.m2\repository\io\qameta\allure\allure-cucumber5-jvm\2.14.0\allure-cucumber5-jvm-2.14.0.jar;C:\Users\SharzKim\.m2\repository\io\qameta\allure\allure-java-commons\2.14.0\allure-java-commons-2.14.0.jar;C:\Users\SharzKim\.m2\repository\io\qameta\allure\allure-model\2.14.0\allure-model-2.14.0.jar;C:\Users\SharzKim\.m2\repository\com\fasterxml\jackson\core\jackson-databind\2.12.3\jackson-databind-2.12.3.jar;C:\Users\SharzKim\.m2\repository\com\fasterxml\jackson\core\jackson-annotations\2.12.3\jackson-annotations-2.12.3.jar;C:\Users\SharzKim\.m2\repository\com\fasterxml\jackson\core\jackson-core\2.12.3\jackson-core-2.12.3.jar;C:\Users\SharzKim\.m2\repository\org\apache\tika\tika-core\1.26\tika-core-1.26.jar;C:\Users\SharzKim\.m2\repository\javax\xml\bind\jaxb-api\2.3.1\jaxb-api-2.3.1.jar;C:\Users\SharzKim\.m2\repository\javax\activation\javax.activation-api\1.2.0\javax.activation-api-1.2.0.jar;C:\Users\SharzKim\.m2\repository\javax\activation\activation\1.1.1\activation-1.1.1.jar;C:\Users\SharzKim\.m2\repository\org\jooq\joor-java-8\0.9.14\joor-java-8-0.9.14.jar;C:\Users\SharzKim\.m2\repository\io\cucumber\gherkin\5.1.0\gherkin-5.1.0.jar;C:\Users\SharzKim\.m2\repository\io\cucumber\gherkin-jvm-deps\1.0.4\gherkin-jvm-deps-1.0.4.jar;C:\Users\SharzKim\.m2\repository\org\json\json\20220924\json-20220924.jar;C:\Users\SharzKim\.m2\repository\com\googlecode\json-simple\json-simple\1.1.1\json-simple-1.1.1.jar;C:\Users\SharzKim\.m2\repository\junit\junit\4.10\junit-4.10.jar;C:\Users\SharzKim\.m2\repository\org\hamcrest\hamcrest-core\1.1\hamcrest-core-1.1.jar;C:\Users\SharzKim\.m2\repository\com\codeborne\selenide\6.7.2\selenide-6.7.2.jar;C:\Users\SharzKim\.m2\repository\com\codeborne\selenide-core\6.7.2\selenide-core-6.7.2.jar;C:\Users\SharzKim\.m2\repository\org\opentest4j\opentest4j\1.2.0\opentest4j-1.2.0.jar;C:\Users\SharzKim\.m2\repository\io\github\bonigarcia\webdrivermanager\5.2.3\webdrivermanager-5.2.3.jar;C:\Users\SharzKim\.m2\repository\com\google\code\gson\gson\2.9.1\gson-2.9.1.jar;C:\Users\SharzKim\.m2\repository\org\brotli\dec\0.1.2\dec-0.1.2.jar;C:\Users\SharzKim\.m2\repository\org\apache\commons\commons-compress\1.21\commons-compress-1.21.jar;C:\Users\SharzKim\.m2\repository\org\apache\httpcomponents\client5\httpclient5\5.1.3\httpclient5-5.1.3.jar;C:\Users\SharzKim\.m2\repository\org\apache\httpcomponents\core5\httpcore5\5.1.3\httpcore5-5.1.3.jar;C:\Users\SharzKim\.m2\repository\commons-codec\commons-codec\1.15\commons-codec-1.15.jar;C:\Users\SharzKim\.m2\repository\org\apache\commons\commons-lang3\3.12.0\commons-lang3-3.12.0.jar;C:\Users\SharzKim\.m2\repository\commons-io\commons-io\2.11.0\commons-io-2.11.0.jar;C:\Users\SharzKim\.m2\repository\org\slf4j\slf4j-api\1.7.36\slf4j-api-1.7.36.jar;"/>
    <property name="java.vm.vendor" value="Oracle Corporation"/>
    <property name="sun.arch.data.model" value="64"/>
    <property name="user.variant" value=""/>
    <property name="java.vendor.url" value="https://openjdk.java.net/"/>
    <property name="user.timezone" value="Asia/Singapore"/>
    <property name="java.vm.specification.version" value="11"/>
    <property name="os.name" value="Windows 10"/>
    <property name="sun.java.launcher" value="SUN_STANDARD"/>
    <property name="user.country" value="MY"/>
    <property name="sun.boot.library.path" value="C:\Program Files\Java\jdk-11.0.17\bin"/>
    <property name="sun.java.command" value="C:\Users\SharzKim\AppData\Local\Temp\surefire3191360624696012349\surefirebooter16417947709802571787.jar C:\Users\SharzKim\AppData\Local\Temp\surefire3191360624696012349 2023-05-12T15-25-26_179-jvmRun1 surefire5619659598268777008tmp surefire_02720490279556279966tmp"/>
    <property name="jdk.debug" value="release"/>
    <property name="surefire.test.class.path" value="C:\Users\SharzKim\coding\automate_testing\TaniExchange_AutomateTesting\target\test-classes;C:\Users\SharzKim\coding\automate_testing\TaniExchange_AutomateTesting\target\classes;C:\Users\SharzKim\.m2\repository\io\cucumber\cucumber-java\5.7.0\cucumber-java-5.7.0.jar;C:\Users\SharzKim\.m2\repository\io\cucumber\cucumber-core\5.7.0\cucumber-core-5.7.0.jar;C:\Users\SharzKim\.m2\repository\io\cucumber\cucumber-gherkin\5.7.0\cucumber-gherkin-5.7.0.jar;C:\Users\SharzKim\.m2\repository\io\cucumber\cucumber-gherkin-vintage\5.7.0\cucumber-gherkin-vintage-5.7.0.jar;C:\Users\SharzKim\.m2\repository\io\cucumber\tag-expressions\2.0.4\tag-expressions-2.0.4.jar;C:\Users\SharzKim\.m2\repository\io\cucumber\cucumber-expressions\8.3.1\cucumber-expressions-8.3.1.jar;C:\Users\SharzKim\.m2\repository\io\cucumber\datatable\3.3.1\datatable-3.3.1.jar;C:\Users\SharzKim\.m2\repository\io\cucumber\cucumber-plugin\5.7.0\cucumber-plugin-5.7.0.jar;C:\Users\SharzKim\.m2\repository\io\cucumber\docstring\5.7.0\docstring-5.7.0.jar;C:\Users\SharzKim\.m2\repository\org\apiguardian\apiguardian-api\1.1.0\apiguardian-api-1.1.0.jar;C:\Users\SharzKim\.m2\repository\org\seleniumhq\selenium\selenium-java\3.141.59\selenium-java-3.141.59.jar;C:\Users\SharzKim\.m2\repository\org\seleniumhq\selenium\selenium-api\3.141.59\selenium-api-3.141.59.jar;C:\Users\SharzKim\.m2\repository\org\seleniumhq\selenium\selenium-chrome-driver\3.141.59\selenium-chrome-driver-3.141.59.jar;C:\Users\SharzKim\.m2\repository\org\seleniumhq\selenium\selenium-edge-driver\3.141.59\selenium-edge-driver-3.141.59.jar;C:\Users\SharzKim\.m2\repository\org\seleniumhq\selenium\selenium-firefox-driver\3.141.59\selenium-firefox-driver-3.141.59.jar;C:\Users\SharzKim\.m2\repository\org\seleniumhq\selenium\selenium-ie-driver\3.141.59\selenium-ie-driver-3.141.59.jar;C:\Users\SharzKim\.m2\repository\org\seleniumhq\selenium\selenium-opera-driver\3.141.59\selenium-opera-driver-3.141.59.jar;C:\Users\SharzKim\.m2\repository\org\seleniumhq\selenium\selenium-remote-driver\3.141.59\selenium-remote-driver-3.141.59.jar;C:\Users\SharzKim\.m2\repository\org\seleniumhq\selenium\selenium-safari-driver\3.141.59\selenium-safari-driver-3.141.59.jar;C:\Users\SharzKim\.m2\repository\org\seleniumhq\selenium\selenium-support\3.141.59\selenium-support-3.141.59.jar;C:\Users\SharzKim\.m2\repository\net\bytebuddy\byte-buddy\1.8.15\byte-buddy-1.8.15.jar;C:\Users\SharzKim\.m2\repository\org\apache\commons\commons-exec\1.3\commons-exec-1.3.jar;C:\Users\SharzKim\.m2\repository\com\google\guava\guava\25.0-jre\guava-25.0-jre.jar;C:\Users\SharzKim\.m2\repository\com\google\code\findbugs\jsr305\1.3.9\jsr305-1.3.9.jar;C:\Users\SharzKim\.m2\repository\org\checkerframework\checker-compat-qual\2.0.0\checker-compat-qual-2.0.0.jar;C:\Users\SharzKim\.m2\repository\com\google\errorprone\error_prone_annotations\2.1.3\error_prone_annotations-2.1.3.jar;C:\Users\SharzKim\.m2\repository\com\google\j2objc\j2objc-annotations\1.1\j2objc-annotations-1.1.jar;C:\Users\SharzKim\.m2\repository\org\codehaus\mojo\animal-sniffer-annotations\1.14\animal-sniffer-annotations-1.14.jar;C:\Users\SharzKim\.m2\repository\com\squareup\okhttp3\okhttp\3.11.0\okhttp-3.11.0.jar;C:\Users\SharzKim\.m2\repository\com\squareup\okio\okio\1.14.0\okio-1.14.0.jar;C:\Users\SharzKim\.m2\repository\io\cucumber\cucumber-testng\5.7.0\cucumber-testng-5.7.0.jar;C:\Users\SharzKim\.m2\repository\org\testng\testng\7.1.0\testng-7.1.0.jar;C:\Users\SharzKim\.m2\repository\com\beust\jcommander\1.72\jcommander-1.72.jar;C:\Users\SharzKim\.m2\repository\com\google\inject\guice\4.1.0\guice-4.1.0-no_aop.jar;C:\Users\SharzKim\.m2\repository\javax\inject\javax.inject\1\javax.inject-1.jar;C:\Users\SharzKim\.m2\repository\aopalliance\aopalliance\1.0\aopalliance-1.0.jar;C:\Users\SharzKim\.m2\repository\org\yaml\snakeyaml\1.21\snakeyaml-1.21.jar;C:\Users\SharzKim\.m2\repository\org\hamcrest\hamcrest\2.2\hamcrest-2.2.jar;C:\Users\SharzKim\.m2\repository\io\qameta\allure\allure-cucumber5-jvm\2.14.0\allure-cucumber5-jvm-2.14.0.jar;C:\Users\SharzKim\.m2\repository\io\qameta\allure\allure-java-commons\2.14.0\allure-java-commons-2.14.0.jar;C:\Users\SharzKim\.m2\repository\io\qameta\allure\allure-model\2.14.0\allure-model-2.14.0.jar;C:\Users\SharzKim\.m2\repository\com\fasterxml\jackson\core\jackson-databind\2.12.3\jackson-databind-2.12.3.jar;C:\Users\SharzKim\.m2\repository\com\fasterxml\jackson\core\jackson-annotations\2.12.3\jackson-annotations-2.12.3.jar;C:\Users\SharzKim\.m2\repository\com\fasterxml\jackson\core\jackson-core\2.12.3\jackson-core-2.12.3.jar;C:\Users\SharzKim\.m2\repository\org\apache\tika\tika-core\1.26\tika-core-1.26.jar;C:\Users\SharzKim\.m2\repository\javax\xml\bind\jaxb-api\2.3.1\jaxb-api-2.3.1.jar;C:\Users\SharzKim\.m2\repository\javax\activation\javax.activation-api\1.2.0\javax.activation-api-1.2.0.jar;C:\Users\SharzKim\.m2\repository\javax\activation\activation\1.1.1\activation-1.1.1.jar;C:\Users\SharzKim\.m2\repository\org\jooq\joor-java-8\0.9.14\joor-java-8-0.9.14.jar;C:\Users\SharzKim\.m2\repository\io\cucumber\gherkin\5.1.0\gherkin-5.1.0.jar;C:\Users\SharzKim\.m2\repository\io\cucumber\gherkin-jvm-deps\1.0.4\gherkin-jvm-deps-1.0.4.jar;C:\Users\SharzKim\.m2\repository\org\json\json\20220924\json-20220924.jar;C:\Users\SharzKim\.m2\repository\com\googlecode\json-simple\json-simple\1.1.1\json-simple-1.1.1.jar;C:\Users\SharzKim\.m2\repository\junit\junit\4.10\junit-4.10.jar;C:\Users\SharzKim\.m2\repository\org\hamcrest\hamcrest-core\1.1\hamcrest-core-1.1.jar;C:\Users\SharzKim\.m2\repository\com\codeborne\selenide\6.7.2\selenide-6.7.2.jar;C:\Users\SharzKim\.m2\repository\com\codeborne\selenide-core\6.7.2\selenide-core-6.7.2.jar;C:\Users\SharzKim\.m2\repository\org\opentest4j\opentest4j\1.2.0\opentest4j-1.2.0.jar;C:\Users\SharzKim\.m2\repository\io\github\bonigarcia\webdrivermanager\5.2.3\webdrivermanager-5.2.3.jar;C:\Users\SharzKim\.m2\repository\com\google\code\gson\gson\2.9.1\gson-2.9.1.jar;C:\Users\SharzKim\.m2\repository\org\brotli\dec\0.1.2\dec-0.1.2.jar;C:\Users\SharzKim\.m2\repository\org\apache\commons\commons-compress\1.21\commons-compress-1.21.jar;C:\Users\SharzKim\.m2\repository\org\apache\httpcomponents\client5\httpclient5\5.1.3\httpclient5-5.1.3.jar;C:\Users\SharzKim\.m2\repository\org\apache\httpcomponents\core5\httpcore5\5.1.3\httpcore5-5.1.3.jar;C:\Users\SharzKim\.m2\repository\commons-codec\commons-codec\1.15\commons-codec-1.15.jar;C:\Users\SharzKim\.m2\repository\org\apache\commons\commons-lang3\3.12.0\commons-lang3-3.12.0.jar;C:\Users\SharzKim\.m2\repository\commons-io\commons-io\2.11.0\commons-io-2.11.0.jar;C:\Users\SharzKim\.m2\repository\org\slf4j\slf4j-api\1.7.36\slf4j-api-1.7.36.jar;"/>
    <property name="sun.cpu.endian" value="little"/>
    <property name="user.home" value="C:\Users\SharzKim"/>
    <property name="user.language" value="en"/>
    <property name="java.specification.vendor" value="Oracle Corporation"/>
    <property name="java.version.date" value="2022-10-18"/>
    <property name="java.home" value="C:\Program Files\Java\jdk-11.0.17"/>
    <property name="file.separator" value="\"/>
    <property name="basedir" value="C:\Users\SharzKim\coding\automate_testing\TaniExchange_AutomateTesting"/>
    <property name="java.vm.compressedOopsMode" value="Zero based"/>
    <property name="line.separator" value="&#10;"/>
    <property name="java.specification.name" value="Java Platform API Specification"/>
    <property name="java.vm.specification.vendor" value="Oracle Corporation"/>
    <property name="java.awt.graphicsenv" value="sun.awt.Win32GraphicsEnvironment"/>
    <property name="surefire.real.class.path" value="C:\Users\SharzKim\AppData\Local\Temp\surefire3191360624696012349\surefirebooter16417947709802571787.jar"/>
    <property name="user.script" value=""/>
    <property name="sun.management.compiler" value="HotSpot 64-Bit Tiered Compilers"/>
    <property name="java.runtime.version" value="11.0.17+10-LTS-269"/>
    <property name="user.name" value="SharzKim"/>
    <property name="path.separator" value=";"/>
    <property name="os.version" value="10.0"/>
    <property name="java.runtime.name" value="Java(TM) SE Runtime Environment"/>
    <property name="file.encoding" value="Cp1252"/>
    <property name="java.vm.name" value="Java HotSpot(TM) 64-Bit Server VM"/>
    <property name="java.vendor.version" value="18.9"/>
    <property name="localRepository" value="C:\Users\SharzKim\.m2\repository"/>
    <property name="cucumber.options" value="--plugin io.qameta.allure.cucumber5jvm.AllureCucumber5Jvm"/>
    <property name="java.vendor.url.bug" value="https://bugreport.java.com/bugreport/"/>
    <property name="java.io.tmpdir" value="C:\Users\SharzKim\AppData\Local\Temp\"/>
    <property name="java.version" value="11.0.17"/>
    <property name="user.dir" value="C:\Users\SharzKim\coding\automate_testing\TaniExchange_AutomateTesting"/>
    <property name="os.arch" value="amd64"/>
    <property name="java.vm.specification.name" value="Java Virtual Machine Specification"/>
    <property name="java.awt.printerjob" value="sun.awt.windows.WPrinterJob"/>
    <property name="sun.os.patch.level" value=""/>
    <property name="java.library.path" value="C:\Program Files\Java\jdk-11.0.17\bin;C:\WINDOWS\Sun\Java\bin;C:\WINDOWS\system32;C:\WINDOWS;C:\Program Files\OpenSSH\;C:\Program Files\Common Files\Oracle\Java\javapath;C:\Windows\system32;C:\Windows;C:\Windows\System32\Wbem;C:\Windows\System32\WindowsPowerShell\v1.0\;C:\Windows\System32\OpenSSH\;C:\Program Files (x86)\NVIDIA Corporation\PhysX\Common;C:\Program Files\NVIDIA Corporation\NVIDIA NvDLISR;C:\WINDOWS\system32;C:\WINDOWS;C:\WINDOWS\System32\Wbem;C:\WINDOWS\System32\WindowsPowerShell\v1.0\;C:\WINDOWS\System32\OpenSSH\;C:\Program Files\Git\cmd;C:\xampp\php;C:\ProgramData\ComposerSetup\bin;C:\Program Files\nodejs\;C:\Users\SharzKim\Downloads\ngrok;C:\Program Files\Java\jdk-11.0.17\bin;C:\Program Files\apache-maven-3.9.1-bin\apache-maven-3.9.1\bin;C:\Program Files\allure-commandline-2.21.0\allure-2.21.0\bin;C:\Program Files\PuTTY\;C:\Users\SharzKim\scoop\shims;C:\Users\SharzKim\AppData\Local\Microsoft\WindowsApps;C:\Users\SharzKim\AppData\Local\Programs\Microsoft VS Code\bin;C:\Users\SharzKim\AppData\Roaming\Composer\vendor\bin;C:\xampp\mysql\bin;C:\Users\SharzKim\AppData\Roaming\npm;C:\Users\SharzKim\Anaconda3\Library\bin;C:\Users\SharzKim\Anaconda3;C:\Users\SharzKim\Anaconda3\Scripts;C:\Users\SharzKim\Downloads\ngrok;C:\Users\SharzKim\AppData\Local\Microsoft\WindowsApps\python3.10;;."/>
    <property name="java.vendor" value="Oracle Corporation"/>
    <property name="java.vm.info" value="mixed mode"/>
    <property name="java.vm.version" value="11.0.17+10-LTS-269"/>
    <property name="sun.io.unicode.encoding" value="UnicodeLittle"/>
    <property name="java.class.version" value="55.0"/>
  </properties>
  <testcase name="runScenario[&quot;Test Edit Account&quot;, &quot;Test Edit Account Page&quot;](1)" classname="TestRunner.RunnerClass" time="54.377">
    <system-err><![CDATA[May 12, 2023 3:25:27 PM io.cucumber.core.options.CucumberPropertiesParser parse
WARNING: Passing commandline options via the property `cucumber.options` has been deprecatedin favour of explicitly using property names.
Please use these instead: [cucumber.ansi-colors.disabled, cucumber.execution.dry-run, cucumber.execution.limit, cucumber.execution.order, cucumber.execution.strict, cucumber.execution.wip, cucumber.features, cucumber.filter.name, cucumber.filter.tags, cucumber.glue, cucumber.object-factory, cucumber.plugin, cucumber.snippet-type]
May 12, 2023 3:25:27 PM io.cucumber.testng.TestNGCucumberRunner <init>
WARNING: By default Cucumber is running in --non-strict mode.
This default will change to --strict and --non-strict will be removed.
You can use --strict or @CucumberOptions(strict = true) to suppress this warning
SLF4J: Failed to load class "org.slf4j.impl.StaticLoggerBinder".
SLF4J: Defaulting to no-operation (NOP) logger implementation
SLF4J: See http://www.slf4j.org/codes.html#StaticLoggerBinder for further details.
Starting ChromeDriver 113.0.5672.63 (0e1a4471d5ae5bf128b1bd8f4d627c8cbd55f70c-refs/branch-heads/5672@{#912}) on port 20840
Only local connections are allowed.
Please see https://chromedriver.chromium.org/security-considerations for suggestions on keeping ChromeDriver safe.
ChromeDriver was started successfully.
May 12, 2023 3:25:28 PM org.openqa.selenium.remote.ProtocolHandshake createSession
INFO: Detected dialect: W3C
]]></system-err>
  </testcase>
</testsuite>