<?xml version="1.0" encoding="UTF-8"?>
<!-- Generated by org.testng.reporters.JUnitReportReporter -->
<testsuite hostname="LAPTOP-9U19KNBL" failures="0" tests="1" name="TestRunner.RunnerClass" time="54.357" errors="0" timestamp="2023-05-12T15:26:22 SGT" skipped="0">
  <testcase classname="TestRunner.RunnerClass" name="runScenario" time="54.357"/>
  <system-out/>
</testsuite> <!-- TestRunner.RunnerClass -->
